[16:50:08] [main/INFO]: Setting user: ForgeDevName
[16:50:09] [Client thread/INFO]: LWJGL Version: 2.9.1
[16:50:15] [Client thread/INFO]: Reloading ResourceManager: Default, FMLFileResourcePack:Forge Mod Loader, FMLFileResourcePack:Minecraft Forge, FMLFileResourcePack:Minecraft Stargate
[16:50:16] [Sound Library Loader/INFO]: Sound engine started
[16:50:17] [Client thread/INFO]: Created: 512x256 textures/blocks-atlas
[16:50:17] [Client thread/INFO]: Created: 2048x2048 textures/items-atlas
[16:50:17] [Client thread/INFO]: Reloading ResourceManager: Default, FMLFileResourcePack:Forge Mod Loader, FMLFileResourcePack:Minecraft Forge, FMLFileResourcePack:Minecraft Stargate
[16:50:18] [Client thread/INFO]: Created: 2048x2048 textures/items-atlas
[16:50:18] [Client thread/INFO]: Created: 512x256 textures/blocks-atlas
[16:50:19] [Sound Library Loader/INFO]: Sound engine started
[16:50:44] [Server thread/INFO]: Starting integrated minecraft server version 1.7.10
[16:50:44] [Server thread/INFO]: Generating keypair
[16:50:44] [Server thread/INFO]: Preparing start region for level 0
[16:50:45] [Server thread/INFO]: Changing view distance to 12, from 10
[16:50:45] [Server thread/INFO]: ForgeDevName[local:E:1de4d14d] logged in with entity id 73 at (1290.9442576339657, 65.0, 908.9269457327493)
[16:50:45] [Server thread/INFO]: ForgeDevName joined the game
[16:51:32] [Client thread/WARN]: Unable to play unknown soundEvent: minecraft:step.anvil
[16:52:10] [Server thread/INFO]: Saving and pausing game...
[16:52:10] [Server thread/INFO]: Saving chunks for level 'Minecraft Stargate (LMRB)'/Overworld
[16:52:10] [Server thread/INFO]: Saving chunks for level 'Minecraft Stargate (LMRB)'/Nether
[16:52:10] [Server thread/INFO]: Saving chunks for level 'Minecraft Stargate (LMRB)'/The End
[16:52:11] [Server thread/INFO]: Stopping server
[16:52:11] [Server thread/INFO]: Saving players
[16:52:11] [Server thread/INFO]: Saving worlds
[16:52:11] [Server thread/INFO]: Saving chunks for level 'Minecraft Stargate (LMRB)'/Overworld
[16:52:11] [Server thread/INFO]: Saving chunks for level 'Minecraft Stargate (LMRB)'/Nether
[16:52:11] [Server thread/INFO]: Saving chunks for level 'Minecraft Stargate (LMRB)'/The End
[16:52:15] [Client thread/INFO]: Stopping!
